# Logfile created on 2014-09-04 10:40:55 +0100 by logger.rb/41954
I, [2014-09-04T10:40:55.159056 #2118]  INFO -- : 0:  addressable (2.3.6) from /Users/edwardelliott/.rvm/gems/ruby-2.0.0-p353/specifications/addressable-2.3.6.gemspec
I, [2014-09-04T10:40:55.159437 #2118]  INFO -- : 0:  builder (3.2.2) from /Users/edwardelliott/.rvm/gems/ruby-2.0.0-p353/specifications/builder-3.2.2.gemspec
I, [2014-09-04T10:40:55.159713 #2118]  INFO -- : 0:  mime-types (2.2) from /Users/edwardelliott/.rvm/gems/ruby-2.0.0-p353/specifications/mime-types-2.2.gemspec
I, [2014-09-04T10:40:55.159966 #2118]  INFO -- : 0:  mini_portile (0.5.3) from /Users/edwardelliott/.rvm/gems/ruby-2.0.0-p353/specifications/mini_portile-0.5.3.gemspec
I, [2014-09-04T10:40:55.160216 #2118]  INFO -- : 0:  nokogiri (1.6.1) from /Users/edwardelliott/.rvm/gems/ruby-2.0.0-p353/specifications/nokogiri-1.6.1.gemspec
I, [2014-09-04T10:40:55.160456 #2118]  INFO -- : 0:  rack (1.5.2) from /Users/edwardelliott/.rvm/gems/ruby-2.0.0-p353/specifications/rack-1.5.2.gemspec
I, [2014-09-04T10:40:55.160685 #2118]  INFO -- : 0:  rack-test (0.6.2) from /Users/edwardelliott/.rvm/gems/ruby-2.0.0-p353/specifications/rack-test-0.6.2.gemspec
I, [2014-09-04T10:40:55.160913 #2118]  INFO -- : 0:  xpath (2.0.0) from /Users/edwardelliott/.rvm/gems/ruby-2.0.0-p353/specifications/xpath-2.0.0.gemspec
I, [2014-09-04T10:40:55.161150 #2118]  INFO -- : 0:  capybara (2.2.1) from /Users/edwardelliott/.rvm/gems/ruby-2.0.0-p353/specifications/capybara-2.2.1.gemspec
I, [2014-09-04T10:40:55.161374 #2118]  INFO -- : 0:  diff-lcs (1.2.5) from /Users/edwardelliott/.rvm/gems/ruby-2.0.0-p353/specifications/diff-lcs-1.2.5.gemspec
I, [2014-09-04T10:40:55.161606 #2118]  INFO -- : 0:  multi_json (1.9.2) from /Users/edwardelliott/.rvm/gems/ruby-2.0.0-p353/specifications/multi_json-1.9.2.gemspec
I, [2014-09-04T10:40:55.161829 #2118]  INFO -- : 0:  gherkin (2.12.2) from /Users/edwardelliott/.rvm/gems/ruby-2.0.0-p353/specifications/gherkin-2.12.2.gemspec
I, [2014-09-04T10:40:55.162056 #2118]  INFO -- : 0:  multi_test (0.1.1) from /Users/edwardelliott/.rvm/gems/ruby-2.0.0-p353/specifications/multi_test-0.1.1.gemspec
I, [2014-09-04T10:40:55.162341 #2118]  INFO -- : 0:  cucumber (1.3.14) from /Users/edwardelliott/.rvm/gems/ruby-2.0.0-p353/specifications/cucumber-1.3.14.gemspec
I, [2014-09-04T10:40:55.162573 #2118]  INFO -- : 0:  extlib (0.9.16) from /Users/edwardelliott/.rvm/gems/ruby-2.0.0-p353/specifications/extlib-0.9.16.gemspec
I, [2014-09-04T10:40:55.162809 #2118]  INFO -- : 0:  highline (1.6.21) from /Users/edwardelliott/.rvm/gems/ruby-2.0.0-p353/specifications/highline-1.6.21.gemspec
I, [2014-09-04T10:40:55.163043 #2118]  INFO -- : 0:  templater (1.0.0) from /Users/edwardelliott/.rvm/gems/ruby-2.0.0-p353/specifications/templater-1.0.0.gemspec
I, [2014-09-04T10:40:55.163274 #2118]  INFO -- : 0:  cucumber-sinatra (0.5.0) from /Users/edwardelliott/.rvm/gems/ruby-2.0.0-p353/specifications/cucumber-sinatra-0.5.0.gemspec
I, [2014-09-04T10:40:55.163511 #2118]  INFO -- : 0:  database_cleaner (1.2.0) from /Users/edwardelliott/.rvm/gems/ruby-2.0.0-p353/specifications/database_cleaner-1.2.0.gemspec
I, [2014-09-04T10:40:55.163746 #2118]  INFO -- : 0:  launchy (2.4.2) from /Users/edwardelliott/.rvm/gems/ruby-2.0.0-p353/specifications/launchy-2.4.2.gemspec
I, [2014-09-04T10:40:55.163984 #2118]  INFO -- : 0:  rack-protection (1.5.2) from /Users/edwardelliott/.rvm/gems/ruby-2.0.0-p353/specifications/rack-protection-1.5.2.gemspec
I, [2014-09-04T10:40:55.164229 #2118]  INFO -- : 0:  rspec-core (2.14.8) from /Users/edwardelliott/.rvm/gems/ruby-2.0.0-p353/specifications/rspec-core-2.14.8.gemspec
I, [2014-09-04T10:40:55.164479 #2118]  INFO -- : 0:  rspec-expectations (2.14.5) from /Users/edwardelliott/.rvm/gems/ruby-2.0.0-p353/specifications/rspec-expectations-2.14.5.gemspec
I, [2014-09-04T10:40:55.164725 #2118]  INFO -- : 0:  rspec-mocks (2.14.6) from /Users/edwardelliott/.rvm/gems/ruby-2.0.0-p353/specifications/rspec-mocks-2.14.6.gemspec
I, [2014-09-04T10:40:56.091898 #2118]  INFO -- : 0:  rspec (2.14.1) from /Users/edwardelliott/.rvm/gems/ruby-2.0.0-p353/specifications/rspec-2.14.1.gemspec
I, [2014-09-04T10:40:56.092353 #2118]  INFO -- : 0:  shotgun (0.9) from /Users/edwardelliott/.rvm/gems/ruby-2.0.0-p353/specifications/shotgun-0.9.gemspec
I, [2014-09-04T10:40:56.092622 #2118]  INFO -- : 0:  tilt (1.4.1) from /Users/edwardelliott/.rvm/gems/ruby-2.0.0-p353/specifications/tilt-1.4.1.gemspec
I, [2014-09-04T10:40:56.092890 #2118]  INFO -- : 0:  sinatra (1.4.4) from /Users/edwardelliott/.rvm/gems/ruby-2.0.0-p353/specifications/sinatra-1.4.4.gemspec
I, [2014-09-04T10:40:56.093141 #2118]  INFO -- : 0:  bundler (1.5.1) from /Users/edwardelliott/.rvm/gems/ruby-2.0.0-p353/specifications/bundler-1.5.1.gemspec
I, [2014-09-04T10:52:12.198730 #2419]  INFO -- : 0:  addressable (2.3.6) from /Users/edwardelliott/.rvm/gems/ruby-2.0.0-p353/specifications/addressable-2.3.6.gemspec
I, [2014-09-04T10:52:12.199128 #2419]  INFO -- : 0:  builder (3.2.2) from /Users/edwardelliott/.rvm/gems/ruby-2.0.0-p353/specifications/builder-3.2.2.gemspec
I, [2014-09-04T10:52:12.199481 #2419]  INFO -- : 0:  mime-types (2.2) from /Users/edwardelliott/.rvm/gems/ruby-2.0.0-p353/specifications/mime-types-2.2.gemspec
I, [2014-09-04T10:52:12.199796 #2419]  INFO -- : 0:  mini_portile (0.5.3) from /Users/edwardelliott/.rvm/gems/ruby-2.0.0-p353/specifications/mini_portile-0.5.3.gemspec
I, [2014-09-04T10:52:12.200110 #2419]  INFO -- : 0:  nokogiri (1.6.1) from /Users/edwardelliott/.rvm/gems/ruby-2.0.0-p353/specifications/nokogiri-1.6.1.gemspec
I, [2014-09-04T10:52:12.200369 #2419]  INFO -- : 0:  rack (1.5.2) from /Users/edwardelliott/.rvm/gems/ruby-2.0.0-p353/specifications/rack-1.5.2.gemspec
I, [2014-09-04T10:52:12.200646 #2419]  INFO -- : 0:  rack-test (0.6.2) from /Users/edwardelliott/.rvm/gems/ruby-2.0.0-p353/specifications/rack-test-0.6.2.gemspec
I, [2014-09-04T10:52:12.200923 #2419]  INFO -- : 0:  xpath (2.0.0) from /Users/edwardelliott/.rvm/gems/ruby-2.0.0-p353/specifications/xpath-2.0.0.gemspec
I, [2014-09-04T10:52:12.201214 #2419]  INFO -- : 0:  capybara (2.2.1) from /Users/edwardelliott/.rvm/gems/ruby-2.0.0-p353/specifications/capybara-2.2.1.gemspec
I, [2014-09-04T10:52:12.201497 #2419]  INFO -- : 0:  ffi (1.9.3) from /Users/edwardelliott/.rvm/gems/ruby-2.0.0-p353/specifications/ffi-1.9.3.gemspec
I, [2014-09-04T10:52:12.201770 #2419]  INFO -- : 0:  childprocess (0.5.3) from /Users/edwardelliott/.rvm/gems/ruby-2.0.0-p353/specifications/childprocess-0.5.3.gemspec
I, [2014-09-04T10:52:12.202045 #2419]  INFO -- : 0:  diff-lcs (1.2.5) from /Users/edwardelliott/.rvm/gems/ruby-2.0.0-p353/specifications/diff-lcs-1.2.5.gemspec
I, [2014-09-04T10:52:12.202328 #2419]  INFO -- : 0:  multi_json (1.9.2) from /Users/edwardelliott/.rvm/gems/ruby-2.0.0-p353/specifications/multi_json-1.9.2.gemspec
I, [2014-09-04T10:52:12.202607 #2419]  INFO -- : 0:  gherkin (2.12.2) from /Users/edwardelliott/.rvm/gems/ruby-2.0.0-p353/specifications/gherkin-2.12.2.gemspec
I, [2014-09-04T10:52:12.202892 #2419]  INFO -- : 0:  multi_test (0.1.1) from /Users/edwardelliott/.rvm/gems/ruby-2.0.0-p353/specifications/multi_test-0.1.1.gemspec
I, [2014-09-04T10:52:12.203177 #2419]  INFO -- : 0:  cucumber (1.3.14) from /Users/edwardelliott/.rvm/gems/ruby-2.0.0-p353/specifications/cucumber-1.3.14.gemspec
I, [2014-09-04T10:52:12.203504 #2419]  INFO -- : 0:  extlib (0.9.16) from /Users/edwardelliott/.rvm/gems/ruby-2.0.0-p353/specifications/extlib-0.9.16.gemspec
I, [2014-09-04T10:52:12.203784 #2419]  INFO -- : 0:  highline (1.6.21) from /Users/edwardelliott/.rvm/gems/ruby-2.0.0-p353/specifications/highline-1.6.21.gemspec
I, [2014-09-04T10:52:12.204050 #2419]  INFO -- : 0:  templater (1.0.0) from /Users/edwardelliott/.rvm/gems/ruby-2.0.0-p353/specifications/templater-1.0.0.gemspec
I, [2014-09-04T10:52:12.204296 #2419]  INFO -- : 0:  cucumber-sinatra (0.5.0) from /Users/edwardelliott/.rvm/gems/ruby-2.0.0-p353/specifications/cucumber-sinatra-0.5.0.gemspec
I, [2014-09-04T10:52:12.217682 #2419]  INFO -- : 0:  database_cleaner (1.2.0) from /Users/edwardelliott/.rvm/gems/ruby-2.0.0-p353/specifications/database_cleaner-1.2.0.gemspec
I, [2014-09-04T10:52:12.218124 #2419]  INFO -- : 0:  launchy (2.4.2) from /Users/edwardelliott/.rvm/gems/ruby-2.0.0-p353/specifications/launchy-2.4.2.gemspec
I, [2014-09-04T10:52:12.218486 #2419]  INFO -- : 0:  rack-protection (1.5.2) from /Users/edwardelliott/.rvm/gems/ruby-2.0.0-p353/specifications/rack-protection-1.5.2.gemspec
I, [2014-09-04T10:52:12.218825 #2419]  INFO -- : 0:  rspec-core (2.14.8) from /Users/edwardelliott/.rvm/gems/ruby-2.0.0-p353/specifications/rspec-core-2.14.8.gemspec
I, [2014-09-04T10:52:12.219201 #2419]  INFO -- : 0:  rspec-expectations (2.14.5) from /Users/edwardelliott/.rvm/gems/ruby-2.0.0-p353/specifications/rspec-expectations-2.14.5.gemspec
I, [2014-09-04T10:52:12.219491 #2419]  INFO -- : 0:  rspec-mocks (2.14.6) from /Users/edwardelliott/.rvm/gems/ruby-2.0.0-p353/specifications/rspec-mocks-2.14.6.gemspec
I, [2014-09-04T10:52:12.219713 #2419]  INFO -- : 0:  rspec (2.14.1) from /Users/edwardelliott/.rvm/gems/ruby-2.0.0-p353/specifications/rspec-2.14.1.gemspec
I, [2014-09-04T10:52:12.219935 #2419]  INFO -- : 0:  rubyzip (1.1.4) from /Users/edwardelliott/.rvm/gems/ruby-2.0.0-p353/specifications/rubyzip-1.1.4.gemspec
I, [2014-09-04T10:52:12.220141 #2419]  INFO -- : 0:  websocket (1.0.7) from /Users/edwardelliott/.rvm/gems/ruby-2.0.0-p353/specifications/websocket-1.0.7.gemspec
I, [2014-09-04T10:52:12.220333 #2419]  INFO -- : 0:  selenium-webdriver (2.42.0) from /Users/edwardelliott/.rvm/gems/ruby-2.0.0-p353/specifications/selenium-webdriver-2.42.0.gemspec
I, [2014-09-04T10:52:12.220521 #2419]  INFO -- : 0:  shotgun (0.9) from /Users/edwardelliott/.rvm/gems/ruby-2.0.0-p353/specifications/shotgun-0.9.gemspec
I, [2014-09-04T10:52:12.220706 #2419]  INFO -- : 0:  tilt (1.4.1) from /Users/edwardelliott/.rvm/gems/ruby-2.0.0-p353/specifications/tilt-1.4.1.gemspec
I, [2014-09-04T10:52:12.220894 #2419]  INFO -- : 0:  sinatra (1.4.4) from /Users/edwardelliott/.rvm/gems/ruby-2.0.0-p353/specifications/sinatra-1.4.4.gemspec
I, [2014-09-04T10:52:12.221071 #2419]  INFO -- : 0:  bundler (1.5.1) from /Users/edwardelliott/.rvm/gems/ruby-2.0.0-p353/specifications/bundler-1.5.1.gemspec
I, [2014-09-04T11:13:25.566384 #2889]  INFO -- : 0:  addressable (2.3.6) from /Users/edwardelliott/.rvm/gems/ruby-2.0.0-p353/specifications/addressable-2.3.6.gemspec
I, [2014-09-04T11:13:25.566848 #2889]  INFO -- : 0:  builder (3.2.2) from /Users/edwardelliott/.rvm/gems/ruby-2.0.0-p353/specifications/builder-3.2.2.gemspec
I, [2014-09-04T11:13:25.567216 #2889]  INFO -- : 0:  mime-types (2.2) from /Users/edwardelliott/.rvm/gems/ruby-2.0.0-p353/specifications/mime-types-2.2.gemspec
I, [2014-09-04T11:13:25.567567 #2889]  INFO -- : 0:  mini_portile (0.5.3) from /Users/edwardelliott/.rvm/gems/ruby-2.0.0-p353/specifications/mini_portile-0.5.3.gemspec
I, [2014-09-04T11:13:25.567884 #2889]  INFO -- : 0:  nokogiri (1.6.1) from /Users/edwardelliott/.rvm/gems/ruby-2.0.0-p353/specifications/nokogiri-1.6.1.gemspec
I, [2014-09-04T11:13:25.568142 #2889]  INFO -- : 0:  rack (1.5.2) from /Users/edwardelliott/.rvm/gems/ruby-2.0.0-p353/specifications/rack-1.5.2.gemspec
I, [2014-09-04T11:13:25.568399 #2889]  INFO -- : 0:  rack-test (0.6.2) from /Users/edwardelliott/.rvm/gems/ruby-2.0.0-p353/specifications/rack-test-0.6.2.gemspec
I, [2014-09-04T11:13:25.568664 #2889]  INFO -- : 0:  xpath (2.0.0) from /Users/edwardelliott/.rvm/gems/ruby-2.0.0-p353/specifications/xpath-2.0.0.gemspec
I, [2014-09-04T11:13:25.568952 #2889]  INFO -- : 0:  capybara (2.2.1) from /Users/edwardelliott/.rvm/gems/ruby-2.0.0-p353/specifications/capybara-2.2.1.gemspec
I, [2014-09-04T11:13:25.584354 #2889]  INFO -- : 0:  ffi (1.9.3) from /Users/edwardelliott/.rvm/gems/ruby-2.0.0-p353/specifications/ffi-1.9.3.gemspec
I, [2014-09-04T11:13:25.584834 #2889]  INFO -- : 0:  childprocess (0.5.3) from /Users/edwardelliott/.rvm/gems/ruby-2.0.0-p353/specifications/childprocess-0.5.3.gemspec
I, [2014-09-04T11:13:25.585289 #2889]  INFO -- : 0:  diff-lcs (1.2.5) from /Users/edwardelliott/.rvm/gems/ruby-2.0.0-p353/specifications/diff-lcs-1.2.5.gemspec
I, [2014-09-04T11:13:25.586336 #2889]  INFO -- : 0:  multi_json (1.9.2) from /Users/edwardelliott/.rvm/gems/ruby-2.0.0-p353/specifications/multi_json-1.9.2.gemspec
I, [2014-09-04T11:13:25.587004 #2889]  INFO -- : 0:  gherkin (2.12.2) from /Users/edwardelliott/.rvm/gems/ruby-2.0.0-p353/specifications/gherkin-2.12.2.gemspec
I, [2014-09-04T11:13:25.587609 #2889]  INFO -- : 0:  multi_test (0.1.1) from /Users/edwardelliott/.rvm/gems/ruby-2.0.0-p353/specifications/multi_test-0.1.1.gemspec
I, [2014-09-04T11:13:25.588468 #2889]  INFO -- : 0:  cucumber (1.3.14) from /Users/edwardelliott/.rvm/gems/ruby-2.0.0-p353/specifications/cucumber-1.3.14.gemspec
I, [2014-09-04T11:13:25.589506 #2889]  INFO -- : 0:  extlib (0.9.16) from /Users/edwardelliott/.rvm/gems/ruby-2.0.0-p353/specifications/extlib-0.9.16.gemspec
I, [2014-09-04T11:13:25.590113 #2889]  INFO -- : 0:  highline (1.6.21) from /Users/edwardelliott/.rvm/gems/ruby-2.0.0-p353/specifications/highline-1.6.21.gemspec
I, [2014-09-04T11:13:25.590652 #2889]  INFO -- : 0:  templater (1.0.0) from /Users/edwardelliott/.rvm/gems/ruby-2.0.0-p353/specifications/templater-1.0.0.gemspec
I, [2014-09-04T11:13:25.591057 #2889]  INFO -- : 0:  cucumber-sinatra (0.5.0) from /Users/edwardelliott/.rvm/gems/ruby-2.0.0-p353/specifications/cucumber-sinatra-0.5.0.gemspec
I, [2014-09-04T11:13:25.591447 #2889]  INFO -- : 0:  database_cleaner (1.2.0) from /Users/edwardelliott/.rvm/gems/ruby-2.0.0-p353/specifications/database_cleaner-1.2.0.gemspec
I, [2014-09-04T11:13:25.591792 #2889]  INFO -- : 0:  launchy (2.4.2) from /Users/edwardelliott/.rvm/gems/ruby-2.0.0-p353/specifications/launchy-2.4.2.gemspec
I, [2014-09-04T11:13:25.592180 #2889]  INFO -- : 0:  phantomjs (1.9.2.1) from /Users/edwardelliott/.rvm/gems/ruby-2.0.0-p353/specifications/phantomjs-1.9.2.1.gemspec
I, [2014-09-04T11:13:25.592538 #2889]  INFO -- : 0:  rack-protection (1.5.2) from /Users/edwardelliott/.rvm/gems/ruby-2.0.0-p353/specifications/rack-protection-1.5.2.gemspec
I, [2014-09-04T11:13:25.592958 #2889]  INFO -- : 0:  rspec-core (2.14.8) from /Users/edwardelliott/.rvm/gems/ruby-2.0.0-p353/specifications/rspec-core-2.14.8.gemspec
I, [2014-09-04T11:13:25.593343 #2889]  INFO -- : 0:  rspec-expectations (2.14.5) from /Users/edwardelliott/.rvm/gems/ruby-2.0.0-p353/specifications/rspec-expectations-2.14.5.gemspec
I, [2014-09-04T11:13:25.593723 #2889]  INFO -- : 0:  rspec-mocks (2.14.6) from /Users/edwardelliott/.rvm/gems/ruby-2.0.0-p353/specifications/rspec-mocks-2.14.6.gemspec
I, [2014-09-04T11:13:25.594084 #2889]  INFO -- : 0:  rspec (2.14.1) from /Users/edwardelliott/.rvm/gems/ruby-2.0.0-p353/specifications/rspec-2.14.1.gemspec
I, [2014-09-04T11:13:25.594411 #2889]  INFO -- : 0:  rubyzip (1.1.4) from /Users/edwardelliott/.rvm/gems/ruby-2.0.0-p353/specifications/rubyzip-1.1.4.gemspec
I, [2014-09-04T11:13:25.594737 #2889]  INFO -- : 0:  websocket (1.0.7) from /Users/edwardelliott/.rvm/gems/ruby-2.0.0-p353/specifications/websocket-1.0.7.gemspec
I, [2014-09-04T11:13:25.595162 #2889]  INFO -- : 0:  selenium-webdriver (2.42.0) from /Users/edwardelliott/.rvm/gems/ruby-2.0.0-p353/specifications/selenium-webdriver-2.42.0.gemspec
I, [2014-09-04T11:13:25.595542 #2889]  INFO -- : 0:  shotgun (0.9) from /Users/edwardelliott/.rvm/gems/ruby-2.0.0-p353/specifications/shotgun-0.9.gemspec
I, [2014-09-04T11:13:25.595888 #2889]  INFO -- : 0:  tilt (1.4.1) from /Users/edwardelliott/.rvm/gems/ruby-2.0.0-p353/specifications/tilt-1.4.1.gemspec
I, [2014-09-04T11:13:25.596727 #2889]  INFO -- : 0:  sinatra (1.4.4) from /Users/edwardelliott/.rvm/gems/ruby-2.0.0-p353/specifications/sinatra-1.4.4.gemspec
I, [2014-09-04T11:13:25.597164 #2889]  INFO -- : 0:  bundler (1.5.1) from /Users/edwardelliott/.rvm/gems/ruby-2.0.0-p353/specifications/bundler-1.5.1.gemspec
I, [2014-09-04T11:16:35.559803 #2935]  INFO -- : 0:  addressable (2.3.6) from /Users/edwardelliott/.rvm/gems/ruby-2.0.0-p353/specifications/addressable-2.3.6.gemspec
I, [2014-09-04T11:16:35.560180 #2935]  INFO -- : 0:  builder (3.2.2) from /Users/edwardelliott/.rvm/gems/ruby-2.0.0-p353/specifications/builder-3.2.2.gemspec
I, [2014-09-04T11:16:35.560502 #2935]  INFO -- : 0:  mime-types (2.2) from /Users/edwardelliott/.rvm/gems/ruby-2.0.0-p353/specifications/mime-types-2.2.gemspec
I, [2014-09-04T11:16:35.560833 #2935]  INFO -- : 0:  mini_portile (0.5.3) from /Users/edwardelliott/.rvm/gems/ruby-2.0.0-p353/specifications/mini_portile-0.5.3.gemspec
I, [2014-09-04T11:16:35.561285 #2935]  INFO -- : 0:  nokogiri (1.6.1) from /Users/edwardelliott/.rvm/gems/ruby-2.0.0-p353/specifications/nokogiri-1.6.1.gemspec
I, [2014-09-04T11:16:35.561717 #2935]  INFO -- : 0:  rack (1.5.2) from /Users/edwardelliott/.rvm/gems/ruby-2.0.0-p353/specifications/rack-1.5.2.gemspec
I, [2014-09-04T11:16:35.562057 #2935]  INFO -- : 0:  rack-test (0.6.2) from /Users/edwardelliott/.rvm/gems/ruby-2.0.0-p353/specifications/rack-test-0.6.2.gemspec
I, [2014-09-04T11:16:35.562465 #2935]  INFO -- : 0:  xpath (2.0.0) from /Users/edwardelliott/.rvm/gems/ruby-2.0.0-p353/specifications/xpath-2.0.0.gemspec
I, [2014-09-04T11:16:35.562873 #2935]  INFO -- : 0:  capybara (2.2.1) from /Users/edwardelliott/.rvm/gems/ruby-2.0.0-p353/specifications/capybara-2.2.1.gemspec
I, [2014-09-04T11:16:35.563224 #2935]  INFO -- : 0:  ffi (1.9.3) from /Users/edwardelliott/.rvm/gems/ruby-2.0.0-p353/specifications/ffi-1.9.3.gemspec
I, [2014-09-04T11:16:35.563589 #2935]  INFO -- : 0:  childprocess (0.5.3) from /Users/edwardelliott/.rvm/gems/ruby-2.0.0-p353/specifications/childprocess-0.5.3.gemspec
I, [2014-09-04T11:16:35.563949 #2935]  INFO -- : 0:  cliver (0.3.2) from /Users/edwardelliott/.rvm/gems/ruby-2.0.0-p353/specifications/cliver-0.3.2.gemspec
I, [2014-09-04T11:16:35.564301 #2935]  INFO -- : 0:  diff-lcs (1.2.5) from /Users/edwardelliott/.rvm/gems/ruby-2.0.0-p353/specifications/diff-lcs-1.2.5.gemspec
I, [2014-09-04T11:16:35.564673 #2935]  INFO -- : 0:  multi_json (1.9.2) from /Users/edwardelliott/.rvm/gems/ruby-2.0.0-p353/specifications/multi_json-1.9.2.gemspec
I, [2014-09-04T11:16:35.565023 #2935]  INFO -- : 0:  gherkin (2.12.2) from /Users/edwardelliott/.rvm/gems/ruby-2.0.0-p353/specifications/gherkin-2.12.2.gemspec
I, [2014-09-04T11:16:35.565391 #2935]  INFO -- : 0:  multi_test (0.1.1) from /Users/edwardelliott/.rvm/gems/ruby-2.0.0-p353/specifications/multi_test-0.1.1.gemspec
I, [2014-09-04T11:16:35.565816 #2935]  INFO -- : 0:  cucumber (1.3.14) from /Users/edwardelliott/.rvm/gems/ruby-2.0.0-p353/specifications/cucumber-1.3.14.gemspec
I, [2014-09-04T11:16:35.566226 #2935]  INFO -- : 0:  extlib (0.9.16) from /Users/edwardelliott/.rvm/gems/ruby-2.0.0-p353/specifications/extlib-0.9.16.gemspec
I, [2014-09-04T11:16:35.566535 #2935]  INFO -- : 0:  highline (1.6.21) from /Users/edwardelliott/.rvm/gems/ruby-2.0.0-p353/specifications/highline-1.6.21.gemspec
I, [2014-09-04T11:16:35.566770 #2935]  INFO -- : 0:  templater (1.0.0) from /Users/edwardelliott/.rvm/gems/ruby-2.0.0-p353/specifications/templater-1.0.0.gemspec
I, [2014-09-04T11:16:35.567002 #2935]  INFO -- : 0:  cucumber-sinatra (0.5.0) from /Users/edwardelliott/.rvm/gems/ruby-2.0.0-p353/specifications/cucumber-sinatra-0.5.0.gemspec
I, [2014-09-04T11:16:35.567242 #2935]  INFO -- : 0:  database_cleaner (1.2.0) from /Users/edwardelliott/.rvm/gems/ruby-2.0.0-p353/specifications/database_cleaner-1.2.0.gemspec
I, [2014-09-04T11:16:35.567470 #2935]  INFO -- : 0:  launchy (2.4.2) from /Users/edwardelliott/.rvm/gems/ruby-2.0.0-p353/specifications/launchy-2.4.2.gemspec
I, [2014-09-04T11:16:35.567709 #2935]  INFO -- : 0:  websocket-driver (0.3.4) from /Users/edwardelliott/.rvm/gems/ruby-2.0.0-p353/specifications/websocket-driver-0.3.4.gemspec
I, [2014-09-04T11:16:35.567940 #2935]  INFO -- : 0:  poltergeist (1.5.1) from /Users/edwardelliott/.rvm/gems/ruby-2.0.0-p353/specifications/poltergeist-1.5.1.gemspec
I, [2014-09-04T11:16:35.568176 #2935]  INFO -- : 0:  rack-protection (1.5.2) from /Users/edwardelliott/.rvm/gems/ruby-2.0.0-p353/specifications/rack-protection-1.5.2.gemspec
I, [2014-09-04T11:16:35.568425 #2935]  INFO -- : 0:  rspec-core (2.14.8) from /Users/edwardelliott/.rvm/gems/ruby-2.0.0-p353/specifications/rspec-core-2.14.8.gemspec
I, [2014-09-04T11:16:35.568666 #2935]  INFO -- : 0:  rspec-expectations (2.14.5) from /Users/edwardelliott/.rvm/gems/ruby-2.0.0-p353/specifications/rspec-expectations-2.14.5.gemspec
I, [2014-09-04T11:16:35.568923 #2935]  INFO -- : 0:  rspec-mocks (2.14.6) from /Users/edwardelliott/.rvm/gems/ruby-2.0.0-p353/specifications/rspec-mocks-2.14.6.gemspec
I, [2014-09-04T11:16:35.569147 #2935]  INFO -- : 0:  rspec (2.14.1) from /Users/edwardelliott/.rvm/gems/ruby-2.0.0-p353/specifications/rspec-2.14.1.gemspec
I, [2014-09-04T11:16:35.569377 #2935]  INFO -- : 0:  rubyzip (1.1.4) from /Users/edwardelliott/.rvm/gems/ruby-2.0.0-p353/specifications/rubyzip-1.1.4.gemspec
I, [2014-09-04T11:16:35.569606 #2935]  INFO -- : 0:  websocket (1.0.7) from /Users/edwardelliott/.rvm/gems/ruby-2.0.0-p353/specifications/websocket-1.0.7.gemspec
I, [2014-09-04T11:16:35.569886 #2935]  INFO -- : 0:  selenium-webdriver (2.42.0) from /Users/edwardelliott/.rvm/gems/ruby-2.0.0-p353/specifications/selenium-webdriver-2.42.0.gemspec
I, [2014-09-04T11:16:35.570458 #2935]  INFO -- : 0:  shotgun (0.9) from /Users/edwardelliott/.rvm/gems/ruby-2.0.0-p353/specifications/shotgun-0.9.gemspec
I, [2014-09-04T11:16:35.570808 #2935]  INFO -- : 0:  tilt (1.4.1) from /Users/edwardelliott/.rvm/gems/ruby-2.0.0-p353/specifications/tilt-1.4.1.gemspec
I, [2014-09-04T11:16:35.571197 #2935]  INFO -- : 0:  sinatra (1.4.4) from /Users/edwardelliott/.rvm/gems/ruby-2.0.0-p353/specifications/sinatra-1.4.4.gemspec
I, [2014-09-04T11:16:35.571598 #2935]  INFO -- : 0:  bundler (1.5.1) from /Users/edwardelliott/.rvm/gems/ruby-2.0.0-p353/specifications/bundler-1.5.1.gemspec
I, [2014-09-04T13:54:55.910302 #4126]  INFO -- : 0:  addressable (2.3.6) from /Users/edwardelliott/.rvm/gems/ruby-2.0.0-p353/specifications/addressable-2.3.6.gemspec
I, [2014-09-04T13:54:55.910877 #4126]  INFO -- : 0:  builder (3.2.2) from /Users/edwardelliott/.rvm/gems/ruby-2.0.0-p353/specifications/builder-3.2.2.gemspec
I, [2014-09-04T13:54:55.911629 #4126]  INFO -- : 0:  mime-types (2.2) from /Users/edwardelliott/.rvm/gems/ruby-2.0.0-p353/specifications/mime-types-2.2.gemspec
I, [2014-09-04T13:54:55.912182 #4126]  INFO -- : 0:  mini_portile (0.5.3) from /Users/edwardelliott/.rvm/gems/ruby-2.0.0-p353/specifications/mini_portile-0.5.3.gemspec
I, [2014-09-04T13:54:55.912419 #4126]  INFO -- : 0:  nokogiri (1.6.1) from /Users/edwardelliott/.rvm/gems/ruby-2.0.0-p353/specifications/nokogiri-1.6.1.gemspec
I, [2014-09-04T13:54:55.912639 #4126]  INFO -- : 0:  rack (1.5.2) from /Users/edwardelliott/.rvm/gems/ruby-2.0.0-p353/specifications/rack-1.5.2.gemspec
I, [2014-09-04T13:54:55.912848 #4126]  INFO -- : 0:  rack-test (0.6.2) from /Users/edwardelliott/.rvm/gems/ruby-2.0.0-p353/specifications/rack-test-0.6.2.gemspec
I, [2014-09-04T13:54:55.913119 #4126]  INFO -- : 0:  xpath (2.0.0) from /Users/edwardelliott/.rvm/gems/ruby-2.0.0-p353/specifications/xpath-2.0.0.gemspec
I, [2014-09-04T13:54:55.913453 #4126]  INFO -- : 0:  capybara (2.2.1) from /Users/edwardelliott/.rvm/gems/ruby-2.0.0-p353/specifications/capybara-2.2.1.gemspec
I, [2014-09-04T13:54:55.913764 #4126]  INFO -- : 0:  ffi (1.9.3) from /Users/edwardelliott/.rvm/gems/ruby-2.0.0-p353/specifications/ffi-1.9.3.gemspec
I, [2014-09-04T13:54:55.914086 #4126]  INFO -- : 0:  childprocess (0.5.3) from /Users/edwardelliott/.rvm/gems/ruby-2.0.0-p353/specifications/childprocess-0.5.3.gemspec
I, [2014-09-04T13:54:55.914376 #4126]  INFO -- : 0:  cliver (0.3.2) from /Users/edwardelliott/.rvm/gems/ruby-2.0.0-p353/specifications/cliver-0.3.2.gemspec
I, [2014-09-04T13:54:55.914661 #4126]  INFO -- : 0:  diff-lcs (1.2.5) from /Users/edwardelliott/.rvm/gems/ruby-2.0.0-p353/specifications/diff-lcs-1.2.5.gemspec
I, [2014-09-04T13:54:55.914961 #4126]  INFO -- : 0:  multi_json (1.9.2) from /Users/edwardelliott/.rvm/gems/ruby-2.0.0-p353/specifications/multi_json-1.9.2.gemspec
I, [2014-09-04T13:54:55.915272 #4126]  INFO -- : 0:  gherkin (2.12.2) from /Users/edwardelliott/.rvm/gems/ruby-2.0.0-p353/specifications/gherkin-2.12.2.gemspec
I, [2014-09-04T13:54:55.915639 #4126]  INFO -- : 0:  multi_test (0.1.1) from /Users/edwardelliott/.rvm/gems/ruby-2.0.0-p353/specifications/multi_test-0.1.1.gemspec
I, [2014-09-04T13:54:55.916064 #4126]  INFO -- : 0:  cucumber (1.3.14) from /Users/edwardelliott/.rvm/gems/ruby-2.0.0-p353/specifications/cucumber-1.3.14.gemspec
I, [2014-09-04T13:54:55.916386 #4126]  INFO -- : 0:  extlib (0.9.16) from /Users/edwardelliott/.rvm/gems/ruby-2.0.0-p353/specifications/extlib-0.9.16.gemspec
I, [2014-09-04T13:54:55.916716 #4126]  INFO -- : 0:  highline (1.6.21) from /Users/edwardelliott/.rvm/gems/ruby-2.0.0-p353/specifications/highline-1.6.21.gemspec
I, [2014-09-04T13:54:55.917039 #4126]  INFO -- : 0:  templater (1.0.0) from /Users/edwardelliott/.rvm/gems/ruby-2.0.0-p353/specifications/templater-1.0.0.gemspec
I, [2014-09-04T13:54:55.917363 #4126]  INFO -- : 0:  cucumber-sinatra (0.5.0) from /Users/edwardelliott/.rvm/gems/ruby-2.0.0-p353/specifications/cucumber-sinatra-0.5.0.gemspec
I, [2014-09-04T13:54:55.918401 #4126]  INFO -- : 0:  database_cleaner (1.2.0) from /Users/edwardelliott/.rvm/gems/ruby-2.0.0-p353/specifications/database_cleaner-1.2.0.gemspec
I, [2014-09-04T13:54:55.918930 #4126]  INFO -- : 0:  json (1.8.1) from /Users/edwardelliott/.rvm/gems/ruby-2.0.0-p353/specifications/json-1.8.1.gemspec
I, [2014-09-04T13:54:55.919315 #4126]  INFO -- : 0:  launchy (2.4.2) from /Users/edwardelliott/.rvm/gems/ruby-2.0.0-p353/specifications/launchy-2.4.2.gemspec
I, [2014-09-04T13:54:55.919557 #4126]  INFO -- : 0:  websocket-driver (0.3.4) from /Users/edwardelliott/.rvm/gems/ruby-2.0.0-p353/specifications/websocket-driver-0.3.4.gemspec
I, [2014-09-04T13:54:55.919791 #4126]  INFO -- : 0:  poltergeist (1.5.1) from /Users/edwardelliott/.rvm/gems/ruby-2.0.0-p353/specifications/poltergeist-1.5.1.gemspec
I, [2014-09-04T13:54:55.920005 #4126]  INFO -- : 0:  rack-protection (1.5.2) from /Users/edwardelliott/.rvm/gems/ruby-2.0.0-p353/specifications/rack-protection-1.5.2.gemspec
I, [2014-09-04T13:54:55.920271 #4126]  INFO -- : 0:  rspec-core (2.14.8) from /Users/edwardelliott/.rvm/gems/ruby-2.0.0-p353/specifications/rspec-core-2.14.8.gemspec
I, [2014-09-04T13:54:55.920520 #4126]  INFO -- : 0:  rspec-expectations (2.14.5) from /Users/edwardelliott/.rvm/gems/ruby-2.0.0-p353/specifications/rspec-expectations-2.14.5.gemspec
I, [2014-09-04T13:54:55.920762 #4126]  INFO -- : 0:  rspec-mocks (2.14.6) from /Users/edwardelliott/.rvm/gems/ruby-2.0.0-p353/specifications/rspec-mocks-2.14.6.gemspec
I, [2014-09-04T13:54:55.921048 #4126]  INFO -- : 0:  rspec (2.14.1) from /Users/edwardelliott/.rvm/gems/ruby-2.0.0-p353/specifications/rspec-2.14.1.gemspec
I, [2014-09-04T13:54:55.921393 #4126]  INFO -- : 0:  rubyzip (1.1.4) from /Users/edwardelliott/.rvm/gems/ruby-2.0.0-p353/specifications/rubyzip-1.1.4.gemspec
I, [2014-09-04T13:54:55.921974 #4126]  INFO -- : 0:  websocket (1.0.7) from /Users/edwardelliott/.rvm/gems/ruby-2.0.0-p353/specifications/websocket-1.0.7.gemspec
I, [2014-09-04T13:54:55.922388 #4126]  INFO -- : 0:  selenium-webdriver (2.42.0) from /Users/edwardelliott/.rvm/gems/ruby-2.0.0-p353/specifications/selenium-webdriver-2.42.0.gemspec
I, [2014-09-04T13:54:55.922819 #4126]  INFO -- : 0:  shotgun (0.9) from /Users/edwardelliott/.rvm/gems/ruby-2.0.0-p353/specifications/shotgun-0.9.gemspec
I, [2014-09-04T13:54:55.923113 #4126]  INFO -- : 0:  tilt (1.4.1) from /Users/edwardelliott/.rvm/gems/ruby-2.0.0-p353/specifications/tilt-1.4.1.gemspec
I, [2014-09-04T13:54:55.923579 #4126]  INFO -- : 0:  sinatra (1.4.4) from /Users/edwardelliott/.rvm/gems/ruby-2.0.0-p353/specifications/sinatra-1.4.4.gemspec
I, [2014-09-04T13:54:55.923965 #4126]  INFO -- : 0:  bundler (1.5.1) from /Users/edwardelliott/.rvm/gems/ruby-2.0.0-p353/specifications/bundler-1.5.1.gemspec
I, [2014-09-04T14:04:31.371216 #4256]  INFO -- : 0:  addressable (2.3.6) from /Users/edwardelliott/.rvm/gems/ruby-2.0.0-p353/specifications/addressable-2.3.6.gemspec
I, [2014-09-04T14:04:31.371562 #4256]  INFO -- : 0:  builder (3.2.2) from /Users/edwardelliott/.rvm/gems/ruby-2.0.0-p353/specifications/builder-3.2.2.gemspec
I, [2014-09-04T14:04:31.371919 #4256]  INFO -- : 0:  mime-types (2.2) from /Users/edwardelliott/.rvm/gems/ruby-2.0.0-p353/specifications/mime-types-2.2.gemspec
I, [2014-09-04T14:04:31.372422 #4256]  INFO -- : 0:  mini_portile (0.5.3) from /Users/edwardelliott/.rvm/gems/ruby-2.0.0-p353/specifications/mini_portile-0.5.3.gemspec
I, [2014-09-04T14:04:31.372882 #4256]  INFO -- : 0:  nokogiri (1.6.1) from /Users/edwardelliott/.rvm/gems/ruby-2.0.0-p353/specifications/nokogiri-1.6.1.gemspec
I, [2014-09-04T14:04:31.373288 #4256]  INFO -- : 0:  rack (1.5.2) from /Users/edwardelliott/.rvm/gems/ruby-2.0.0-p353/specifications/rack-1.5.2.gemspec
I, [2014-09-04T14:04:31.373690 #4256]  INFO -- : 0:  rack-test (0.6.2) from /Users/edwardelliott/.rvm/gems/ruby-2.0.0-p353/specifications/rack-test-0.6.2.gemspec
I, [2014-09-04T14:04:31.374052 #4256]  INFO -- : 0:  xpath (2.0.0) from /Users/edwardelliott/.rvm/gems/ruby-2.0.0-p353/specifications/xpath-2.0.0.gemspec
I, [2014-09-04T14:04:31.374441 #4256]  INFO -- : 0:  capybara (2.2.1) from /Users/edwardelliott/.rvm/gems/ruby-2.0.0-p353/specifications/capybara-2.2.1.gemspec
I, [2014-09-04T14:04:31.374755 #4256]  INFO -- : 0:  ffi (1.9.3) from /Users/edwardelliott/.rvm/gems/ruby-2.0.0-p353/specifications/ffi-1.9.3.gemspec
I, [2014-09-04T14:04:31.375055 #4256]  INFO -- : 0:  childprocess (0.5.3) from /Users/edwardelliott/.rvm/gems/ruby-2.0.0-p353/specifications/childprocess-0.5.3.gemspec
I, [2014-09-04T14:04:31.375371 #4256]  INFO -- : 0:  cliver (0.3.2) from /Users/edwardelliott/.rvm/gems/ruby-2.0.0-p353/specifications/cliver-0.3.2.gemspec
I, [2014-09-04T14:04:31.375715 #4256]  INFO -- : 0:  diff-lcs (1.2.5) from /Users/edwardelliott/.rvm/gems/ruby-2.0.0-p353/specifications/diff-lcs-1.2.5.gemspec
I, [2014-09-04T14:04:31.376060 #4256]  INFO -- : 0:  multi_json (1.9.2) from /Users/edwardelliott/.rvm/gems/ruby-2.0.0-p353/specifications/multi_json-1.9.2.gemspec
I, [2014-09-04T14:04:31.376456 #4256]  INFO -- : 0:  gherkin (2.12.2) from /Users/edwardelliott/.rvm/gems/ruby-2.0.0-p353/specifications/gherkin-2.12.2.gemspec
I, [2014-09-04T14:04:31.376792 #4256]  INFO -- : 0:  multi_test (0.1.1) from /Users/edwardelliott/.rvm/gems/ruby-2.0.0-p353/specifications/multi_test-0.1.1.gemspec
I, [2014-09-04T14:04:31.377068 #4256]  INFO -- : 0:  cucumber (1.3.14) from /Users/edwardelliott/.rvm/gems/ruby-2.0.0-p353/specifications/cucumber-1.3.14.gemspec
I, [2014-09-04T14:04:31.377281 #4256]  INFO -- : 0:  extlib (0.9.16) from /Users/edwardelliott/.rvm/gems/ruby-2.0.0-p353/specifications/extlib-0.9.16.gemspec
I, [2014-09-04T14:04:31.377483 #4256]  INFO -- : 0:  highline (1.6.21) from /Users/edwardelliott/.rvm/gems/ruby-2.0.0-p353/specifications/highline-1.6.21.gemspec
I, [2014-09-04T14:04:31.377689 #4256]  INFO -- : 0:  templater (1.0.0) from /Users/edwardelliott/.rvm/gems/ruby-2.0.0-p353/specifications/templater-1.0.0.gemspec
I, [2014-09-04T14:04:31.377889 #4256]  INFO -- : 0:  cucumber-sinatra (0.5.0) from /Users/edwardelliott/.rvm/gems/ruby-2.0.0-p353/specifications/cucumber-sinatra-0.5.0.gemspec
I, [2014-09-04T14:04:31.378083 #4256]  INFO -- : 0:  database_cleaner (1.2.0) from /Users/edwardelliott/.rvm/gems/ruby-2.0.0-p353/specifications/database_cleaner-1.2.0.gemspec
I, [2014-09-04T14:04:31.378270 #4256]  INFO -- : 0:  json (1.8.1) from /Users/edwardelliott/.rvm/gems/ruby-2.0.0-p353/specifications/json-1.8.1.gemspec
I, [2014-09-04T14:04:31.378456 #4256]  INFO -- : 0:  launchy (2.4.2) from /Users/edwardelliott/.rvm/gems/ruby-2.0.0-p353/specifications/launchy-2.4.2.gemspec
I, [2014-09-04T14:04:31.378659 #4256]  INFO -- : 0:  websocket-driver (0.3.4) from /Users/edwardelliott/.rvm/gems/ruby-2.0.0-p353/specifications/websocket-driver-0.3.4.gemspec
I, [2014-09-04T14:04:31.378846 #4256]  INFO -- : 0:  poltergeist (1.5.1) from /Users/edwardelliott/.rvm/gems/ruby-2.0.0-p353/specifications/poltergeist-1.5.1.gemspec
I, [2014-09-04T14:04:31.379040 #4256]  INFO -- : 0:  rack-protection (1.5.2) from /Users/edwardelliott/.rvm/gems/ruby-2.0.0-p353/specifications/rack-protection-1.5.2.gemspec
I, [2014-09-04T14:04:31.379234 #4256]  INFO -- : 0:  rspec-core (2.14.8) from /Users/edwardelliott/.rvm/gems/ruby-2.0.0-p353/specifications/rspec-core-2.14.8.gemspec
I, [2014-09-04T14:04:31.379437 #4256]  INFO -- : 0:  rspec-expectations (2.14.5) from /Users/edwardelliott/.rvm/gems/ruby-2.0.0-p353/specifications/rspec-expectations-2.14.5.gemspec
I, [2014-09-04T14:04:31.379658 #4256]  INFO -- : 0:  rspec-mocks (2.14.6) from /Users/edwardelliott/.rvm/gems/ruby-2.0.0-p353/specifications/rspec-mocks-2.14.6.gemspec
I, [2014-09-04T14:04:31.379845 #4256]  INFO -- : 0:  rspec (2.14.1) from /Users/edwardelliott/.rvm/gems/ruby-2.0.0-p353/specifications/rspec-2.14.1.gemspec
I, [2014-09-04T14:04:31.380037 #4256]  INFO -- : 0:  rubyzip (1.1.4) from /Users/edwardelliott/.rvm/gems/ruby-2.0.0-p353/specifications/rubyzip-1.1.4.gemspec
I, [2014-09-04T14:04:31.380223 #4256]  INFO -- : 0:  websocket (1.0.7) from /Users/edwardelliott/.rvm/gems/ruby-2.0.0-p353/specifications/websocket-1.0.7.gemspec
I, [2014-09-04T14:04:31.380410 #4256]  INFO -- : 0:  selenium-webdriver (2.42.0) from /Users/edwardelliott/.rvm/gems/ruby-2.0.0-p353/specifications/selenium-webdriver-2.42.0.gemspec
I, [2014-09-04T14:04:31.380594 #4256]  INFO -- : 0:  shotgun (0.9) from /Users/edwardelliott/.rvm/gems/ruby-2.0.0-p353/specifications/shotgun-0.9.gemspec
I, [2014-09-04T14:04:31.380774 #4256]  INFO -- : 0:  tilt (1.4.1) from /Users/edwardelliott/.rvm/gems/ruby-2.0.0-p353/specifications/tilt-1.4.1.gemspec
I, [2014-09-04T14:04:31.380965 #4256]  INFO -- : 0:  sinatra (1.4.4) from /Users/edwardelliott/.rvm/gems/ruby-2.0.0-p353/specifications/sinatra-1.4.4.gemspec
I, [2014-09-04T14:04:31.381176 #4256]  INFO -- : 0:  bundler (1.5.1) from /Users/edwardelliott/.rvm/gems/ruby-2.0.0-p353/specifications/bundler-1.5.1.gemspec
I, [2014-09-04T14:33:12.040265 #4593]  INFO -- : 0:  addressable (2.3.6) from /Users/edwardelliott/.rvm/gems/ruby-2.0.0-p353/specifications/addressable-2.3.6.gemspec
I, [2014-09-04T14:33:12.040622 #4593]  INFO -- : 0:  builder (3.2.2) from /Users/edwardelliott/.rvm/gems/ruby-2.0.0-p353/specifications/builder-3.2.2.gemspec
I, [2014-09-04T14:33:12.040890 #4593]  INFO -- : 0:  mime-types (2.2) from /Users/edwardelliott/.rvm/gems/ruby-2.0.0-p353/specifications/mime-types-2.2.gemspec
I, [2014-09-04T14:33:12.041137 #4593]  INFO -- : 0:  mini_portile (0.5.3) from /Users/edwardelliott/.rvm/gems/ruby-2.0.0-p353/specifications/mini_portile-0.5.3.gemspec
I, [2014-09-04T14:33:12.041402 #4593]  INFO -- : 0:  nokogiri (1.6.1) from /Users/edwardelliott/.rvm/gems/ruby-2.0.0-p353/specifications/nokogiri-1.6.1.gemspec
I, [2014-09-04T14:33:12.041640 #4593]  INFO -- : 0:  rack (1.5.2) from /Users/edwardelliott/.rvm/gems/ruby-2.0.0-p353/specifications/rack-1.5.2.gemspec
I, [2014-09-04T14:33:12.041876 #4593]  INFO -- : 0:  rack-test (0.6.2) from /Users/edwardelliott/.rvm/gems/ruby-2.0.0-p353/specifications/rack-test-0.6.2.gemspec
I, [2014-09-04T14:33:12.042123 #4593]  INFO -- : 0:  xpath (2.0.0) from /Users/edwardelliott/.rvm/gems/ruby-2.0.0-p353/specifications/xpath-2.0.0.gemspec
I, [2014-09-04T14:33:12.042372 #4593]  INFO -- : 0:  capybara (2.2.1) from /Users/edwardelliott/.rvm/gems/ruby-2.0.0-p353/specifications/capybara-2.2.1.gemspec
I, [2014-09-04T14:33:12.042614 #4593]  INFO -- : 0:  ffi (1.9.3) from /Users/edwardelliott/.rvm/gems/ruby-2.0.0-p353/specifications/ffi-1.9.3.gemspec
I, [2014-09-04T14:33:12.042864 #4593]  INFO -- : 0:  childprocess (0.5.3) from /Users/edwardelliott/.rvm/gems/ruby-2.0.0-p353/specifications/childprocess-0.5.3.gemspec
I, [2014-09-04T14:33:12.043108 #4593]  INFO -- : 0:  cliver (0.3.2) from /Users/edwardelliott/.rvm/gems/ruby-2.0.0-p353/specifications/cliver-0.3.2.gemspec
I, [2014-09-04T14:33:12.043344 #4593]  INFO -- : 0:  diff-lcs (1.2.5) from /Users/edwardelliott/.rvm/gems/ruby-2.0.0-p353/specifications/diff-lcs-1.2.5.gemspec
I, [2014-09-04T14:33:12.043589 #4593]  INFO -- : 0:  multi_json (1.9.2) from /Users/edwardelliott/.rvm/gems/ruby-2.0.0-p353/specifications/multi_json-1.9.2.gemspec
I, [2014-09-04T14:33:12.043819 #4593]  INFO -- : 0:  gherkin (2.12.2) from /Users/edwardelliott/.rvm/gems/ruby-2.0.0-p353/specifications/gherkin-2.12.2.gemspec
I, [2014-09-04T14:33:12.044062 #4593]  INFO -- : 0:  multi_test (0.1.1) from /Users/edwardelliott/.rvm/gems/ruby-2.0.0-p353/specifications/multi_test-0.1.1.gemspec
I, [2014-09-04T14:33:12.044326 #4593]  INFO -- : 0:  cucumber (1.3.14) from /Users/edwardelliott/.rvm/gems/ruby-2.0.0-p353/specifications/cucumber-1.3.14.gemspec
I, [2014-09-04T14:33:12.044564 #4593]  INFO -- : 0:  extlib (0.9.16) from /Users/edwardelliott/.rvm/gems/ruby-2.0.0-p353/specifications/extlib-0.9.16.gemspec
I, [2014-09-04T14:33:12.044808 #4593]  INFO -- : 0:  highline (1.6.21) from /Users/edwardelliott/.rvm/gems/ruby-2.0.0-p353/specifications/highline-1.6.21.gemspec
I, [2014-09-04T14:33:12.045049 #4593]  INFO -- : 0:  templater (1.0.0) from /Users/edwardelliott/.rvm/gems/ruby-2.0.0-p353/specifications/templater-1.0.0.gemspec
I, [2014-09-04T14:33:12.045283 #4593]  INFO -- : 0:  cucumber-sinatra (0.5.0) from /Users/edwardelliott/.rvm/gems/ruby-2.0.0-p353/specifications/cucumber-sinatra-0.5.0.gemspec
I, [2014-09-04T14:33:12.045534 #4593]  INFO -- : 0:  database_cleaner (1.2.0) from /Users/edwardelliott/.rvm/gems/ruby-2.0.0-p353/specifications/database_cleaner-1.2.0.gemspec
I, [2014-09-04T14:33:12.045780 #4593]  INFO -- : 0:  json (1.8.1) from /Users/edwardelliott/.rvm/gems/ruby-2.0.0-p353/specifications/json-1.8.1.gemspec
I, [2014-09-04T14:33:12.046010 #4593]  INFO -- : 0:  launchy (2.4.2) from /Users/edwardelliott/.rvm/gems/ruby-2.0.0-p353/specifications/launchy-2.4.2.gemspec
I, [2014-09-04T14:33:12.046261 #4593]  INFO -- : 0:  websocket-driver (0.3.4) from /Users/edwardelliott/.rvm/gems/ruby-2.0.0-p353/specifications/websocket-driver-0.3.4.gemspec
I, [2014-09-04T14:33:12.046507 #4593]  INFO -- : 0:  poltergeist (1.5.1) from /Users/edwardelliott/.rvm/gems/ruby-2.0.0-p353/specifications/poltergeist-1.5.1.gemspec
I, [2014-09-04T14:33:12.046750 #4593]  INFO -- : 0:  rack-protection (1.5.2) from /Users/edwardelliott/.rvm/gems/ruby-2.0.0-p353/specifications/rack-protection-1.5.2.gemspec
I, [2014-09-04T14:33:12.047001 #4593]  INFO -- : 0:  rspec-core (2.14.8) from /Users/edwardelliott/.rvm/gems/ruby-2.0.0-p353/specifications/rspec-core-2.14.8.gemspec
I, [2014-09-04T14:33:12.047260 #4593]  INFO -- : 0:  rspec-expectations (2.14.5) from /Users/edwardelliott/.rvm/gems/ruby-2.0.0-p353/specifications/rspec-expectations-2.14.5.gemspec
I, [2014-09-04T14:33:12.047517 #4593]  INFO -- : 0:  rspec-mocks (2.14.6) from /Users/edwardelliott/.rvm/gems/ruby-2.0.0-p353/specifications/rspec-mocks-2.14.6.gemspec
I, [2014-09-04T14:33:12.047763 #4593]  INFO -- : 0:  rspec (2.14.1) from /Users/edwardelliott/.rvm/gems/ruby-2.0.0-p353/specifications/rspec-2.14.1.gemspec
I, [2014-09-04T14:33:12.048008 #4593]  INFO -- : 0:  rubyzip (1.1.4) from /Users/edwardelliott/.rvm/gems/ruby-2.0.0-p353/specifications/rubyzip-1.1.4.gemspec
I, [2014-09-04T14:33:12.048247 #4593]  INFO -- : 0:  websocket (1.0.7) from /Users/edwardelliott/.rvm/gems/ruby-2.0.0-p353/specifications/websocket-1.0.7.gemspec
I, [2014-09-04T14:33:12.048501 #4593]  INFO -- : 0:  selenium-webdriver (2.42.0) from /Users/edwardelliott/.rvm/gems/ruby-2.0.0-p353/specifications/selenium-webdriver-2.42.0.gemspec
I, [2014-09-04T14:33:12.048805 #4593]  INFO -- : 0:  shotgun (0.9) from /Users/edwardelliott/.rvm/gems/ruby-2.0.0-p353/specifications/shotgun-0.9.gemspec
I, [2014-09-04T14:33:12.049068 #4593]  INFO -- : 0:  tilt (1.4.1) from /Users/edwardelliott/.rvm/gems/ruby-2.0.0-p353/specifications/tilt-1.4.1.gemspec
I, [2014-09-04T14:33:12.049326 #4593]  INFO -- : 0:  sinatra (1.4.4) from /Users/edwardelliott/.rvm/gems/ruby-2.0.0-p353/specifications/sinatra-1.4.4.gemspec
I, [2014-09-04T14:33:13.022400 #4593]  INFO -- : 0:  sinatra-cross_origin (0.3.2) from /Users/edwardelliott/.rvm/gems/ruby-2.0.0-p353/specifications/sinatra-cross_origin-0.3.2.gemspec
I, [2014-09-04T14:33:13.022722 #4593]  INFO -- : 0:  bundler (1.5.1) from /Users/edwardelliott/.rvm/gems/ruby-2.0.0-p353/specifications/bundler-1.5.1.gemspec
I, [2014-09-04T16:12:11.031691 #6253]  INFO -- : 0:  addressable (2.3.6) from /Users/edwardelliott/.rvm/gems/ruby-2.0.0-p353/specifications/addressable-2.3.6.gemspec
I, [2014-09-04T16:12:11.032520 #6253]  INFO -- : 0:  builder (3.2.2) from /Users/edwardelliott/.rvm/gems/ruby-2.0.0-p353/specifications/builder-3.2.2.gemspec
I, [2014-09-04T16:12:11.032881 #6253]  INFO -- : 0:  mime-types (2.2) from /Users/edwardelliott/.rvm/gems/ruby-2.0.0-p353/specifications/mime-types-2.2.gemspec
I, [2014-09-04T16:12:11.033166 #6253]  INFO -- : 0:  mini_portile (0.5.3) from /Users/edwardelliott/.rvm/gems/ruby-2.0.0-p353/specifications/mini_portile-0.5.3.gemspec
I, [2014-09-04T16:12:11.033421 #6253]  INFO -- : 0:  nokogiri (1.6.1) from /Users/edwardelliott/.rvm/gems/ruby-2.0.0-p353/specifications/nokogiri-1.6.1.gemspec
I, [2014-09-04T16:12:11.033672 #6253]  INFO -- : 0:  rack (1.5.2) from /Users/edwardelliott/.rvm/gems/ruby-2.0.0-p353/specifications/rack-1.5.2.gemspec
I, [2014-09-04T16:12:11.033927 #6253]  INFO -- : 0:  rack-test (0.6.2) from /Users/edwardelliott/.rvm/gems/ruby-2.0.0-p353/specifications/rack-test-0.6.2.gemspec
I, [2014-09-04T16:12:11.034168 #6253]  INFO -- : 0:  xpath (2.0.0) from /Users/edwardelliott/.rvm/gems/ruby-2.0.0-p353/specifications/xpath-2.0.0.gemspec
I, [2014-09-04T16:12:11.034422 #6253]  INFO -- : 0:  capybara (2.2.1) from /Users/edwardelliott/.rvm/gems/ruby-2.0.0-p353/specifications/capybara-2.2.1.gemspec
I, [2014-09-04T16:12:11.034648 #6253]  INFO -- : 0:  ffi (1.9.3) from /Users/edwardelliott/.rvm/gems/ruby-2.0.0-p353/specifications/ffi-1.9.3.gemspec
I, [2014-09-04T16:12:11.034896 #6253]  INFO -- : 0:  childprocess (0.5.3) from /Users/edwardelliott/.rvm/gems/ruby-2.0.0-p353/specifications/childprocess-0.5.3.gemspec
I, [2014-09-04T16:12:11.035146 #6253]  INFO -- : 0:  cliver (0.3.2) from /Users/edwardelliott/.rvm/gems/ruby-2.0.0-p353/specifications/cliver-0.3.2.gemspec
I, [2014-09-04T16:12:11.035389 #6253]  INFO -- : 0:  diff-lcs (1.2.5) from /Users/edwardelliott/.rvm/gems/ruby-2.0.0-p353/specifications/diff-lcs-1.2.5.gemspec
I, [2014-09-04T16:12:11.035641 #6253]  INFO -- : 0:  multi_json (1.9.2) from /Users/edwardelliott/.rvm/gems/ruby-2.0.0-p353/specifications/multi_json-1.9.2.gemspec
I, [2014-09-04T16:12:11.035867 #6253]  INFO -- : 0:  gherkin (2.12.2) from /Users/edwardelliott/.rvm/gems/ruby-2.0.0-p353/specifications/gherkin-2.12.2.gemspec
I, [2014-09-04T16:12:11.036112 #6253]  INFO -- : 0:  multi_test (0.1.1) from /Users/edwardelliott/.rvm/gems/ruby-2.0.0-p353/specifications/multi_test-0.1.1.gemspec
I, [2014-09-04T16:12:11.036358 #6253]  INFO -- : 0:  cucumber (1.3.14) from /Users/edwardelliott/.rvm/gems/ruby-2.0.0-p353/specifications/cucumber-1.3.14.gemspec
I, [2014-09-04T16:12:11.036605 #6253]  INFO -- : 0:  extlib (0.9.16) from /Users/edwardelliott/.rvm/gems/ruby-2.0.0-p353/specifications/extlib-0.9.16.gemspec
I, [2014-09-04T16:12:11.036854 #6253]  INFO -- : 0:  highline (1.6.21) from /Users/edwardelliott/.rvm/gems/ruby-2.0.0-p353/specifications/highline-1.6.21.gemspec
I, [2014-09-04T16:12:11.037099 #6253]  INFO -- : 0:  templater (1.0.0) from /Users/edwardelliott/.rvm/gems/ruby-2.0.0-p353/specifications/templater-1.0.0.gemspec
I, [2014-09-04T16:12:11.037325 #6253]  INFO -- : 0:  cucumber-sinatra (0.5.0) from /Users/edwardelliott/.rvm/gems/ruby-2.0.0-p353/specifications/cucumber-sinatra-0.5.0.gemspec
I, [2014-09-04T16:12:11.037569 #6253]  INFO -- : 0:  database_cleaner (1.2.0) from /Users/edwardelliott/.rvm/gems/ruby-2.0.0-p353/specifications/database_cleaner-1.2.0.gemspec
I, [2014-09-04T16:12:11.037814 #6253]  INFO -- : 0:  json (1.8.1) from /Users/edwardelliott/.rvm/gems/ruby-2.0.0-p353/specifications/json-1.8.1.gemspec
I, [2014-09-04T16:12:11.038056 #6253]  INFO -- : 0:  launchy (2.4.2) from /Users/edwardelliott/.rvm/gems/ruby-2.0.0-p353/specifications/launchy-2.4.2.gemspec
I, [2014-09-04T16:12:11.038307 #6253]  INFO -- : 0:  websocket-driver (0.3.4) from /Users/edwardelliott/.rvm/gems/ruby-2.0.0-p353/specifications/websocket-driver-0.3.4.gemspec
I, [2014-09-04T16:12:11.038553 #6253]  INFO -- : 0:  poltergeist (1.5.1) from /Users/edwardelliott/.rvm/gems/ruby-2.0.0-p353/specifications/poltergeist-1.5.1.gemspec
I, [2014-09-04T16:12:11.038783 #6253]  INFO -- : 0:  rack-protection (1.5.2) from /Users/edwardelliott/.rvm/gems/ruby-2.0.0-p353/specifications/rack-protection-1.5.2.gemspec
I, [2014-09-04T16:12:11.039045 #6253]  INFO -- : 0:  rspec-core (2.14.8) from /Users/edwardelliott/.rvm/gems/ruby-2.0.0-p353/specifications/rspec-core-2.14.8.gemspec
I, [2014-09-04T16:12:11.039304 #6253]  INFO -- : 0:  rspec-expectations (2.14.5) from /Users/edwardelliott/.rvm/gems/ruby-2.0.0-p353/specifications/rspec-expectations-2.14.5.gemspec
I, [2014-09-04T16:12:11.039562 #6253]  INFO -- : 0:  rspec-mocks (2.14.6) from /Users/edwardelliott/.rvm/gems/ruby-2.0.0-p353/specifications/rspec-mocks-2.14.6.gemspec
I, [2014-09-04T16:12:11.039805 #6253]  INFO -- : 0:  rspec (2.14.1) from /Users/edwardelliott/.rvm/gems/ruby-2.0.0-p353/specifications/rspec-2.14.1.gemspec
I, [2014-09-04T16:12:11.040052 #6253]  INFO -- : 0:  rubyzip (1.1.4) from /Users/edwardelliott/.rvm/gems/ruby-2.0.0-p353/specifications/rubyzip-1.1.4.gemspec
I, [2014-09-04T16:12:11.040283 #6253]  INFO -- : 0:  websocket (1.0.7) from /Users/edwardelliott/.rvm/gems/ruby-2.0.0-p353/specifications/websocket-1.0.7.gemspec
I, [2014-09-04T16:12:11.040535 #6253]  INFO -- : 0:  selenium-webdriver (2.42.0) from /Users/edwardelliott/.rvm/gems/ruby-2.0.0-p353/specifications/selenium-webdriver-2.42.0.gemspec
I, [2014-09-04T16:12:11.040783 #6253]  INFO -- : 0:  shotgun (0.9) from /Users/edwardelliott/.rvm/gems/ruby-2.0.0-p353/specifications/shotgun-0.9.gemspec
I, [2014-09-04T16:12:11.041030 #6253]  INFO -- : 0:  tilt (1.4.1) from /Users/edwardelliott/.rvm/gems/ruby-2.0.0-p353/specifications/tilt-1.4.1.gemspec
I, [2014-09-04T16:12:11.041280 #6253]  INFO -- : 0:  sinatra (1.4.4) from /Users/edwardelliott/.rvm/gems/ruby-2.0.0-p353/specifications/sinatra-1.4.4.gemspec
I, [2014-09-04T16:12:11.041514 #6253]  INFO -- : 0:  sinatra-cross_origin (0.3.2) from /Users/edwardelliott/.rvm/gems/ruby-2.0.0-p353/specifications/sinatra-cross_origin-0.3.2.gemspec
I, [2014-09-04T16:12:11.041753 #6253]  INFO -- : 0:  bundler (1.5.1) from /Users/edwardelliott/.rvm/gems/ruby-2.0.0-p353/specifications/bundler-1.5.1.gemspec
